<?xml version="1.0" encoding="UTF-8"?>
<testsuite name="com.twu.biblioteca.BookRepositoryTest" tests="3" skipped="0" failures="0" errors="0" timestamp="2017-04-20T09:08:33" hostname="sg-6.local" time="0.001">
  <properties/>
  <testcase name="getBook0ReturnsNullObject" classname="com.twu.biblioteca.BookRepositoryTest" time="0.0"/>
  <testcase name="getBook1ReturnsHeadFirstJavaBook" classname="com.twu.biblioteca.BookRepositoryTest" time="0.0"/>
  <testcase name="getBookRandomStringThrowsNumberFormatException" classname="com.twu.biblioteca.BookRepositoryTest" time="0.001"/>
  <system-out><![CDATA[]]></system-out>
  <system-err><![CDATA[]]></system-err>
</testsuite>
