<?xml version="1.0" encoding="UTF-8"?>
<testsuite name="com.twu.biblioteca.utils.CommandLineInputHelperTest" tests="3" skipped="0" failures="0" errors="0" timestamp="2017-04-21T07:28:13" hostname="sg-6.local" time="0.0">
  <properties/>
  <testcase name="returnsString1WhenUserInputsAnyStringStartingWith1" classname="com.twu.biblioteca.utils.CommandLineInputHelperTest" time="0.0"/>
  <testcase name="returnsString1WhenUserInputs1" classname="com.twu.biblioteca.utils.CommandLineInputHelperTest" time="0.0"/>
  <testcase name="shouldReturnAStringOfLength1" classname="com.twu.biblioteca.utils.CommandLineInputHelperTest" time="0.0"/>
  <system-out><![CDATA[]]></system-out>
  <system-err><![CDATA[]]></system-err>
</testsuite>
