<?xml version="1.0" encoding="UTF-8"?>
<testsuite name="com.twu.biblioteca.menus.MainMenuTest" tests="7" skipped="0" failures="0" errors="0" timestamp="2017-04-22T14:45:44" hostname="sg-6.local" time="0.002">
  <properties/>
  <testcase name="getOptionsShouldHaveOnlyThreeOption" classname="com.twu.biblioteca.menus.MainMenuTest" time="0.0"/>
  <testcase name="getOption2shouldReturnInvalidOption" classname="com.twu.biblioteca.menus.MainMenuTest" time="0.0"/>
  <testcase name="getOptionsShouldHaveExitOption" classname="com.twu.biblioteca.menus.MainMenuTest" time="0.0"/>
  <testcase name="removeBookListOptionDeletesOptionFromMainMenu" classname="com.twu.biblioteca.menus.MainMenuTest" time="0.0"/>
  <testcase name="getOption1shouldReturnBookListOption" classname="com.twu.biblioteca.menus.MainMenuTest" time="0.0"/>
  <testcase name="getOptionForCommandXShouldReturnExit" classname="com.twu.biblioteca.menus.MainMenuTest" time="0.0"/>
  <testcase name="executeRequestShouldReturnOnlyValidOptionsForMainMenu" classname="com.twu.biblioteca.menus.MainMenuTest" time="0.0"/>
  <system-out><![CDATA[]]></system-out>
  <system-err><![CDATA[]]></system-err>
</testsuite>
