<?xml version="1.0" encoding="UTF-8"?>
<testsuite name="com.twu.biblioteca.MainMenuTest" tests="6" skipped="0" failures="0" errors="0" timestamp="2017-04-19T13:35:31" hostname="sg-6.local" time="0.001">
  <properties/>
  <testcase name="getOption2shouldReturnInvalidOption" classname="com.twu.biblioteca.MainMenuTest" time="0.0"/>
  <testcase name="getOptionsShouldHaveExitOption" classname="com.twu.biblioteca.MainMenuTest" time="0.0"/>
  <testcase name="removeBookListOptionDeletesOptionFromMainMenu" classname="com.twu.biblioteca.MainMenuTest" time="0.0"/>
  <testcase name="getOption1shouldReturnBookListOption" classname="com.twu.biblioteca.MainMenuTest" time="0.0"/>
  <testcase name="getOptionForCommandXShouldReturnExit" classname="com.twu.biblioteca.MainMenuTest" time="0.0"/>
  <testcase name="getOptionsShouldHaveOnlyTwoOption" classname="com.twu.biblioteca.MainMenuTest" time="0.001"/>
  <system-out><![CDATA[]]></system-out>
  <system-err><![CDATA[]]></system-err>
</testsuite>
