<?xml version="1.0" encoding="UTF-8"?>
<testsuite name="com.twu.biblioteca.menus.BookRepositoryMenuTest" tests="3" skipped="0" failures="0" errors="0" timestamp="2017-04-21T07:28:13" hostname="sg-6.local" time="0.0">
  <properties/>
  <testcase name="executeRequestRetrievesBookAccordingToRouterRequest" classname="com.twu.biblioteca.menus.BookRepositoryMenuTest" time="0.0"/>
  <testcase name="executeRequestReturnsBackWhenUserSelectsBackCommand" classname="com.twu.biblioteca.menus.BookRepositoryMenuTest" time="0.0"/>
  <testcase name="executeRequestReturnsNullWhenUserSelectsBookNotAvailable" classname="com.twu.biblioteca.menus.BookRepositoryMenuTest" time="0.0"/>
  <system-out><![CDATA[{}
{}
{}
]]></system-out>
  <system-err><![CDATA[]]></system-err>
</testsuite>
