<?xml version="1.0" encoding="UTF-8"?>
<testsuite name="com.twu.biblioteca.repositories.CheckedOutBooksRepositoryTest" tests="1" skipped="0" failures="0" errors="0" timestamp="2017-04-22T14:45:44" hostname="sg-6.local" time="0.0">
  <properties/>
  <testcase name="returnsNullForFailReturnOfBook" classname="com.twu.biblioteca.repositories.CheckedOutBooksRepositoryTest" time="0.0"/>
  <system-out><![CDATA[]]></system-out>
  <system-err><![CDATA[]]></system-err>
</testsuite>
