<?xml version="1.0" encoding="UTF-8"?>
<testsuite name="com.twu.biblioteca.BookTest" tests="1" skipped="0" failures="0" errors="0" timestamp="2017-04-18T05:31:21" hostname="sg-6.local" time="0.001">
  <properties/>
  <testcase name="getsNameOfBook" classname="com.twu.biblioteca.BookTest" time="0.001"/>
  <system-out><![CDATA[]]></system-out>
  <system-err><![CDATA[]]></system-err>
</testsuite>
